<?xml version="1.0" encoding="UTF-8"?>
<!-- Generated by org.testng.reporters.JUnitXMLReporter -->
<testsuite ignored="6" hostname="DESKTOP-TTV29U0" failures="1" tests="1" name="Chrome" time="161.528" errors="0" timestamp="2021-08-03T11:35:12 IST">
  <testcase classname="com.autobrain.pages.SignUp" name="signupBluetoothDeviceBoughtFromABWebsite" time="145.793">
    <failure type="java.lang.AssertionError" message="Order not received! expected [true] but found [false]">
      <![CDATA[java.lang.AssertionError: Order not received! expected [true] but found [false]
at com.autobrain.base.SignUpBase.upgradeRequest(SignUpBase.java:1641)
at com.autobrain.pages.SignUp.signupBluetoothDeviceBoughtFromABWebsite(SignUp.java:34)
at java.base/java.util.concurrent.ThreadPoolExecutor.runWorker(ThreadPoolExecutor.java:1130)
at java.base/java.util.concurrent.ThreadPoolExecutor$Worker.run(ThreadPoolExecutor.java:630)
at java.base/java.lang.Thread.run(Thread.java:831)
... Removed 15 stack frames]]>
    </failure>
  </testcase> <!-- signupBluetoothDeviceBoughtFromABWebsite -->
  <testcase classname="com.autobrain.pages.SignUp" name="signupFreePlusPaidBluetoothDevice" time="0.0">
    <ignored/>
  </testcase> <!-- signupFreePlusPaidBluetoothDevice -->
  <testcase classname="com.autobrain.pages.SignUp" name="signupPersonalDeviceBoughtFromABWebsite" time="0.0">
    <ignored/>
  </testcase> <!-- signupPersonalDeviceBoughtFromABWebsite -->
  <testcase classname="com.autobrain.pages.SignUp" name="signupBusinessDeviceBoughtFromABWebsite" time="0.0">
    <ignored/>
  </testcase> <!-- signupBusinessDeviceBoughtFromABWebsite -->
  <testcase classname="com.autobrain.pages.SignUp" name="signupPersonalRetailerDevice" time="0.0">
    <ignored/>
  </testcase> <!-- signupPersonalRetailerDevice -->
  <testcase classname="com.autobrain.pages.SignUp" name="signupBusinessRetailerDevice" time="0.0">
    <ignored/>
  </testcase> <!-- signupBusinessRetailerDevice -->
  <testcase classname="com.autobrain.pages.SignUp" name="signupFreeBluetoothDevice" time="0.0">
    <ignored/>
  </testcase> <!-- signupFreeBluetoothDevice -->
</testsuite> <!-- Chrome -->
