<?xml version="1.0" encoding="UTF-8"?>
<!-- Generated by org.testng.reporters.JUnitXMLReporter -->
<testsuite ignored="7" hostname="DESKTOP-TTV29U0" failures="0" tests="1" name="Chrome" time="251.278" errors="0" timestamp="2021-08-03T22:20:29 IST">
  <testcase classname="com.autobrain.pages.SignUp" name="bluetoothSignupForPaidPlanBoughtFromABWebsite" time="244.997"/>
  <testcase classname="com.autobrain.pages.SignUp" name="signupFreePlusPaidBluetoothDevice" time="0.0">
    <ignored/>
  </testcase> <!-- signupFreePlusPaidBluetoothDevice -->
  <testcase classname="com.autobrain.pages.SignUp" name="signupPersonalDeviceBoughtFromABWebsite" time="0.0">
    <ignored/>
  </testcase> <!-- signupPersonalDeviceBoughtFromABWebsite -->
  <testcase classname="com.autobrain.pages.SignUp" name="bluetoothSignupForFreePlanBoughtFromABWebsite" time="0.0">
    <ignored/>
  </testcase> <!-- bluetoothSignupForFreePlanBoughtFromABWebsite -->
  <testcase classname="com.autobrain.pages.SignUp" name="signupBusinessDeviceBoughtFromABWebsite" time="0.0">
    <ignored/>
  </testcase> <!-- signupBusinessDeviceBoughtFromABWebsite -->
  <testcase classname="com.autobrain.pages.SignUp" name="signupBusinessRetailerDevice" time="0.0">
    <ignored/>
  </testcase> <!-- signupBusinessRetailerDevice -->
  <testcase classname="com.autobrain.pages.SignUp" name="signupPersonalRetailerDevice" time="0.0">
    <ignored/>
  </testcase> <!-- signupPersonalRetailerDevice -->
  <testcase classname="com.autobrain.pages.SignUp" name="signupFreeBluetoothDevice" time="0.0">
    <ignored/>
  </testcase> <!-- signupFreeBluetoothDevice -->
</testsuite> <!-- Chrome -->
