<?xml version="1.0" encoding="UTF-8"?>
<!-- Generated by org.testng.reporters.JUnitXMLReporter -->
<testsuite hostname="LAPTOP-6Q5KS8MJ" ignored="0" name="Edge" tests="3" failures="0" timestamp="2021-06-10T16:31:42 IST" time="0.116" errors="0">
  <testcase name="verifyActivateCellularDeviceWhichContainNoInvoiceUnderFreeBluetoothAccount" time="0.019" classname="Demo.Class3"/>
  <testcase name="verifySignpuWithFreePlusPaidBluetoothDevice" time="0.002" classname="Demo.Class3"/>
  <testcase name="verifySignupWithFreeBluetoothDevice" time="0.003" classname="Demo.Class3"/>
</testsuite> <!-- Edge -->
