<?xml version="1.0" encoding="UTF-8"?>
<!-- Generated by org.testng.reporters.JUnitXMLReporter -->
<testsuite hostname="LAPTOP-6Q5KS8MJ" ignored="6" name="FireFox" tests="1" failures="0" timestamp="2021-06-12T16:00:42 IST" time="268.904" errors="0">
  <testcase name="signupBusinessDeviceBoughtFromABWebsite" time="256.824" classname="com.autobrain.pages.SignUp"/>
  <testcase name="signupFreePlusPaidBluetoothDevice" time="0.0" classname="com.autobrain.pages.SignUp">
    <ignored/>
  </testcase> <!-- signupFreePlusPaidBluetoothDevice -->
  <testcase name="signupPersonalDeviceBoughtFromABWebsite" time="0.0" classname="com.autobrain.pages.SignUp">
    <ignored/>
  </testcase> <!-- signupPersonalDeviceBoughtFromABWebsite -->
  <testcase name="signupPersonalRetailerDevice" time="0.0" classname="com.autobrain.pages.SignUp">
    <ignored/>
  </testcase> <!-- signupPersonalRetailerDevice -->
  <testcase name="signupBusinessRetailerDevice" time="0.0" classname="com.autobrain.pages.SignUp">
    <ignored/>
  </testcase> <!-- signupBusinessRetailerDevice -->
  <testcase name="signupFreeBluetoothDevice" time="0.0" classname="com.autobrain.pages.SignUp">
    <ignored/>
  </testcase> <!-- signupFreeBluetoothDevice -->
  <testcase name="ActivateCellularDeviceWhichContainNoInvoiceUnderFreeBluetoothAccount" time="0.0" classname="com.autobrain.pages.SignUp">
    <ignored/>
  </testcase> <!-- ActivateCellularDeviceWhichContainNoInvoiceUnderFreeBluetoothAccount -->
</testsuite> <!-- FireFox -->
