<?xml version="1.0" encoding="UTF-8"?>
<!-- Generated by org.testng.reporters.JUnitXMLReporter -->
<testsuite hostname="LAPTOP-6Q5KS8MJ" ignored="0" name="Edge" tests="7" failures="0" timestamp="2021-06-10T12:28:05 IST" time="0.07" errors="0">
  <testcase name="verifyActivateCellularDeviceWhichContainNoInvoiceUnderFreeBluetoothAccount" time="0.012" classname="Demo.Class3"/>
  <testcase name="verifySignupWithBusinessDeviceBoughtFromRetailer" time="0.012" classname="Demo.Class2"/>
  <testcase name="verifySignupWithBusinessDeviceBoughtFromAB" time="0.011" classname="Demo.Class1"/>
  <testcase name="verifySignpuWithFreePlusPaidBluetoothDevice" time="0.003" classname="Demo.Class3"/>
  <testcase name="verifySignupWithFreeBluetoothDevice" time="0.003" classname="Demo.Class3"/>
  <testcase name="verifySignupWithPersonalDeviceBoughtFromRetailer" time="0.003" classname="Demo.Class2"/>
  <testcase name="verifySignupWithPersonalDeviceBoughtFromAB" time="0.008" classname="Demo.Class1"/>
</testsuite> <!-- Edge -->
