<?xml version="1.0" encoding="UTF-8"?>
<!-- Generated by org.testng.reporters.JUnitXMLReporter -->
<testsuite hostname="LAPTOP-6Q5KS8MJ" ignored="0" name="Command line test" tests="1" failures="0" timestamp="2020-10-27T21:44:50 IST" time="0.056" errors="0">
  <testcase name="@BeforeMethod CheckBrowsers" time="-1.60381529012E9" classname="com.base.Base">
    <failure type="org.testng.TestNGException" message="
Parameter &amp;apos;Browsers&amp;apos; is required by BeforeMethod on method CheckBrowsers but has not been marked @Optional or defined
">
      <![CDATA[org.testng.TestNGException: 
Parameter 'Browsers' is required by BeforeMethod on method CheckBrowsers but has not been marked @Optional or defined

at java.util.ArrayList.forEach(ArrayList.java:1257)
at com.testcases.TestRunner.main(TestRunner.java:16)
... Removed 25 stack frames]]>
    </failure>
  </testcase> <!-- @BeforeMethod CheckBrowsers -->
  <testcase name="@AfterMethod quit" time="-1.603815290125E9" classname="com.base.Base">
    <skipped/>
  </testcase> <!-- @AfterMethod quit -->
  <testcase name="VerifyRegister1" time="0.0" classname="com.testcases.DemoTest">
    <skipped/>
  </testcase> <!-- VerifyRegister1 -->
</testsuite> <!-- Command line test -->
